Logging for domain MORSHE-X1 on instance local
info   ci-testing           sql config { server: 'miroculuspct.database.windows.net',
                            userName: 'miroculus',
                            password: 'Pa$$word1',
                            options: 
                            { database: 'miroculustest',
                            encrypt: true,
                            connectTimeout: 60000,
                            requestTimeout: 60000 } }
info   ci-testing           triggering a new process through queue trigger-test
info   ci-testing           trigger message successfully on 2007-10-10
